<?xml version="1.0" encoding="UTF-8"?>
<!-- Generated by org.testng.reporters.JUnitXMLReporter -->
<testsuite ignored="0" hostname="AYHAN" failures="0" tests="9" name="Default test" time="35.917" errors="0" timestamp="2024-09-01T17:13:02 EEST">
  <testcase classname="com.simplelearn.MovieCatalogId.MovieCatalogTestsTestNG" name="AddMovieTest" time="4.381"/>
  <testcase classname="com.simplelearn.MovieCatalogId.MovieCatalogTestsTestNG" name="AddMovieWithEmptyTitleTest" time="1.347"/>
  <testcase classname="com.simplelearn.MovieCatalogId.MovieCatalogTestsTestNG" name="AddMovieWithEmtpyDescriptionTest" time="1.052"/>
  <testcase classname="com.simplelearn.MovieCatalogId.MovieCatalogTestsTestNG" name="EditMovieTest" time="3.206"/>
  <testcase classname="com.simplelearn.MovieCatalogId.MovieCatalogTestsTestNG" name="EditMovieWithEmptyTitleTest" time="2.463"/>
  <testcase classname="com.simplelearn.MovieCatalogId.MovieCatalogTestsTestNG" name="EditMovieWithEmptyDescriptionTest" time="2.528"/>
  <testcase classname="com.simplelearn.MovieCatalogId.MovieCatalogTestsTestNG" name="MarkLastAddedMovieAsWatchedTest" time="3.16"/>
  <testcase classname="com.simplelearn.MovieCatalogId.MovieCatalogTestsTestNG" name="MarkLastAddedMovieAsUnWatchedTest" time="2.991"/>
  <testcase classname="com.simplelearn.MovieCatalogId.MovieCatalogTestsTestNG" name="DeleteLastAddedMovieTest" time="3.034"/>
</testsuite> <!-- Default test -->
